# JRE version: OpenJDK Runtime Environment (8.0_152-b02) (build 1.8.0_152-release-1024-b02)
# Java VM: OpenJDK 64-Bit Server VM (25.152-b02 mixed mode windows-amd64 compressed oops)
Heap:
 PSYoungGen      total 209408K, used 194560K [0x00000000e0000000, 0x00000000edb80000, 0x0000000100000000)
  eden space 194560K, 100% used [0x00000000e0000000,0x00000000ebe00000,0x00000000ebe00000)
  from space 14848K, 0% used [0x00000000ecc00000,0x00000000ecc00000,0x00000000eda80000)
  to   space 14336K, 0% used [0x00000000ebe00000,0x00000000ebe00000,0x00000000ecc00000)
 ParOldGen       total 97792K, used 16189K [0x00000000a0000000, 0x00000000a5f80000, 0x00000000e0000000)
  object space 97792K, 16% used [0x00000000a0000000,0x00000000a0fcf6a0,0x00000000a5f80000)
 Metaspace       used 50294K, capacity 51780K, committed 51840K, reserved 1093632K
  class space    used 6907K, capacity 7243K, committed 7296K, reserved 1048576K
GC Heap History (10 events):
Event: 2.393 GC heap before
{Heap before GC invocations=4 (full 0):
 PSYoungGen      total 70656K, used 22688K [0x00000000e0000000, 0x00000000e8a00000, 0x0000000100000000)
  eden space 65536K, 26% used [0x00000000e0000000,0x00000000e112c058,0x00000000e4000000)
  from space 5120K, 99% used [0x00000000e4000000,0x00000000e44fc050,0x00000000e4500000)
  to   space 5120K, 0% used [0x00000000e8500000,0x00000000e8500000,0x00000000e8a00000)
 ParOldGen       total 86016K, used 6115K [0x00000000a0000000, 0x00000000a5400000, 0x00000000e0000000)
  object space 86016K, 7% used [0x00000000a0000000,0x00000000a05f8ec0,0x00000000a5400000)
 Metaspace       used 20860K, capacity 21200K, committed 21248K, reserved 1067008K
  class space    used 2914K, capacity 3038K, committed 3072K, reserved 1048576K
Event: 2.398 GC heap after
Heap after GC invocations=4 (full 0):
 PSYoungGen      total 136192K, used 5088K [0x00000000e0000000, 0x00000000e8a00000, 0x0000000100000000)
  eden space 131072K, 0% used [0x00000000e0000000,0x00000000e0000000,0x00000000e8000000)
  from space 5120K, 99% used [0x00000000e8500000,0x00000000e89f8040,0x00000000e8a00000)
  to   space 5120K, 0% used [0x00000000e8000000,0x00000000e8000000,0x00000000e8500000)
 ParOldGen       total 86016K, used 9097K [0x00000000a0000000, 0x00000000a5400000, 0x00000000e0000000)
  object space 86016K, 10% used [0x00000000a0000000,0x00000000a08e26b8,0x00000000a5400000)
 Metaspace       used 20860K, capacity 21200K, committed 21248K, reserved 1067008K
  class space    used 2914K, capacity 3038K, committed 3072K, reserved 1048576K
}
Event: 2.398 GC heap before
{Heap before GC invocations=5 (full 1):
 PSYoungGen      total 136192K, used 5088K [0x00000000e0000000, 0x00000000e8a00000, 0x0000000100000000)
  eden space 131072K, 0% used [0x00000000e0000000,0x00000000e0000000,0x00000000e8000000)
  from space 5120K, 99% used [0x00000000e8500000,0x00000000e89f8040,0x00000000e8a00000)
  to   space 5120K, 0% used [0x00000000e8000000,0x00000000e8000000,0x00000000e8500000)
 ParOldGen       total 86016K, used 9097K [0x00000000a0000000, 0x00000000a5400000, 0x00000000e0000000)
  object space 86016K, 10% used [0x00000000a0000000,0x00000000a08e26b8,0x00000000a5400000)
 Metaspace       used 20860K, capacity 21200K, committed 21248K, reserved 1067008K
  class space    used 2914K, capacity 3038K, committed 3072K, reserved 1048576K
Event: 2.432 GC heap after
Heap after GC invocations=5 (full 1):
 PSYoungGen      total 136192K, used 0K [0x00000000e0000000, 0x00000000e8a00000, 0x0000000100000000)
  eden space 131072K, 0% used [0x00000000e0000000,0x00000000e0000000,0x00000000e8000000)
  from space 5120K, 0% used [0x00000000e8500000,0x00000000e8500000,0x00000000e8a00000)
  to   space 5120K, 0% used [0x00000000e8000000,0x00000000e8000000,0x00000000e8500000)
 ParOldGen       total 63488K, used 9585K [0x00000000a0000000, 0x00000000a3e00000, 0x00000000e0000000)
  object space 63488K, 15% used [0x00000000a0000000,0x00000000a095c548,0x00000000a3e00000)
 Metaspace       used 20860K, capacity 21200K, committed 21248K, reserved 1067008K
  class space    used 2914K, capacity 3038K, committed 3072K, reserved 1048576K
}
Event: 6.730 GC heap before
{Heap before GC invocations=6 (full 1):
 PSYoungGen      total 136192K, used 131072K [0x00000000e0000000, 0x00000000e8a00000, 0x0000000100000000)
  eden space 131072K, 100% used [0x00000000e0000000,0x00000000e8000000,0x00000000e8000000)
  from space 5120K, 0% used [0x00000000e8500000,0x00000000e8500000,0x00000000e8a00000)
  to   space 5120K, 0% used [0x00000000e8000000,0x00000000e8000000,0x00000000e8500000)
 ParOldGen       total 63488K, used 9585K [0x00000000a0000000, 0x00000000a3e00000, 0x00000000e0000000)
  object space 63488K, 15% used [0x00000000a0000000,0x00000000a095c548,0x00000000a3e00000)
 Metaspace       used 29923K, capacity 30438K, committed 30592K, reserved 1075200K
  class space    used 4202K, capacity 4358K, committed 4480K, reserved 1048576K
Event: 6.740 GC heap after
Heap after GC invocations=6 (full 1):
 PSYoungGen      total 136192K, used 5104K [0x00000000e0000000, 0x00000000eda80000, 0x0000000100000000)
  eden space 131072K, 0% used [0x00000000e0000000,0x00000000e0000000,0x00000000e8000000)
  from space 5120K, 99% used [0x00000000e8000000,0x00000000e84fc010,0x00000000e8500000)
  to   space 14848K, 0% used [0x00000000ecc00000,0x00000000ecc00000,0x00000000eda80000)
 ParOldGen       total 63488K, used 17723K [0x00000000a0000000, 0x00000000a3e00000, 0x00000000e0000000)
  object space 63488K, 27% used [0x00000000a0000000,0x00000000a114ec88,0x00000000a3e00000)
 Metaspace       used 29923K, capacity 30438K, committed 30592K, reserved 1075200K
  class space    used 4202K, capacity 4358K, committed 4480K, reserved 1048576K
}
Event: 7.085 GC heap before
{Heap before GC invocations=7 (full 1):
 PSYoungGen      total 136192K, used 30784K [0x00000000e0000000, 0x00000000eda80000, 0x0000000100000000)
  eden space 131072K, 19% used [0x00000000e0000000,0x00000000e19140c0,0x00000000e8000000)
  from space 5120K, 99% used [0x00000000e8000000,0x00000000e84fc010,0x00000000e8500000)
  to   space 14848K, 0% used [0x00000000ecc00000,0x00000000ecc00000,0x00000000eda80000)
 ParOldGen       total 63488K, used 17723K [0x00000000a0000000, 0x00000000a3e00000, 0x00000000e0000000)
  object space 63488K, 27% used [0x00000000a0000000,0x00000000a114ec88,0x00000000a3e00000)
 Metaspace       used 34705K, capacity 35278K, committed 35416K, reserved 1079296K
  class space    used 4783K, capacity 4999K, committed 5120K, reserved 1048576K
Event: 7.090 GC heap after
Heap after GC invocations=7 (full 1):
 PSYoungGen      total 209408K, used 8751K [0x00000000e0000000, 0x00000000edb80000, 0x0000000100000000)
  eden space 194560K, 0% used [0x00000000e0000000,0x00000000e0000000,0x00000000ebe00000)
  from space 14848K, 58% used [0x00000000ecc00000,0x00000000ed48bdf8,0x00000000eda80000)
  to   space 14336K, 0% used [0x00000000ebe00000,0x00000000ebe00000,0x00000000ecc00000)
 ParOldGen       total 63488K, used 17731K [0x00000000a0000000, 0x00000000a3e00000, 0x00000000e0000000)
  object space 63488K, 27% used [0x00000000a0000000,0x00000000a1150c88,0x00000000a3e00000)
 Metaspace       used 34705K, capacity 35278K, committed 35416K, reserved 1079296K
  class space    used 4783K, capacity 4999K, committed 5120K, reserved 1048576K
}
Event: 7.091 GC heap before
{Heap before GC invocations=8 (full 2):
 PSYoungGen      total 209408K, used 8751K [0x00000000e0000000, 0x00000000edb80000, 0x0000000100000000)
  eden space 194560K, 0% used [0x00000000e0000000,0x00000000e0000000,0x00000000ebe00000)
  from space 14848K, 58% used [0x00000000ecc00000,0x00000000ed48bdf8,0x00000000eda80000)
  to   space 14336K, 0% used [0x00000000ebe00000,0x00000000ebe00000,0x00000000ecc00000)
 ParOldGen       total 63488K, used 17731K [0x00000000a0000000, 0x00000000a3e00000, 0x00000000e0000000)
  object space 63488K, 27% used [0x00000000a0000000,0x00000000a1150c88,0x00000000a3e00000)
 Metaspace       used 34705K, capacity 35278K, committed 35416K, reserved 1079296K
  class space    used 4783K, capacity 4999K, committed 5120K, reserved 1048576K
Event: 7.153 GC heap after
Heap after GC invocations=8 (full 2):
 PSYoungGen      total 209408K, used 0K [0x00000000e0000000, 0x00000000edb80000, 0x0000000100000000)
  eden space 194560K, 0% used [0x00000000e0000000,0x00000000e0000000,0x00000000ebe00000)
  from space 14848K, 0% used [0x00000000ecc00000,0x00000000ecc00000,0x00000000eda80000)
  to   space 14336K, 0% used [0x00000000ebe00000,0x00000000ebe00000,0x00000000ecc00000)
 ParOldGen       total 97792K, used 16189K [0x00000000a0000000, 0x00000000a5f80000, 0x00000000e0000000)
  object space 97792K, 16% used [0x00000000a0000000,0x00000000a0fcf6a0,0x00000000a5f80000)
 Metaspace       used 34705K, capacity 35278K, committed 35416K, reserved 1079296K
  class space    used 4783K, capacity 4999K, committed 5120K, reserved 1048576K
}

