# JRE version: OpenJDK Runtime Environment (8.0_152-b02) (build 1.8.0_152-release-1024-b02)
# Java VM: OpenJDK 64-Bit Server VM (25.152-b02 mixed mode windows-amd64 compressed oops)
Heap:
 PSYoungGen      total 159232K, used 89360K [0x00000000e0000000, 0x00000000ec700000, 0x0000000100000000)
  eden space 144384K, 51% used [0x00000000e0000000,0x00000000e48c4bc0,0x00000000e8d00000)
  from space 14848K, 99% used [0x00000000e8d00000,0x00000000e9b7f520,0x00000000e9b80000)
  to   space 12800K, 0% used [0x00000000e9b80000,0x00000000e9b80000,0x00000000ea800000)
 ParOldGen       total 101888K, used 26816K [0x00000000a0000000, 0x00000000a6380000, 0x00000000e0000000)
  object space 101888K, 26% used [0x00000000a0000000,0x00000000a1a30108,0x00000000a6380000)
 Metaspace       used 54956K, capacity 56542K, committed 56832K, reserved 1097728K
  class space    used 7485K, capacity 7874K, committed 7936K, reserved 1048576K
GC Heap History (10 events):
Event: 2.814 GC heap before
{Heap before GC invocations=7 (full 1):
 PSYoungGen      total 70656K, used 65536K [0x00000000e0000000, 0x00000000e9400000, 0x0000000100000000)
  eden space 65536K, 100% used [0x00000000e0000000,0x00000000e4000000,0x00000000e4000000)
  from space 5120K, 0% used [0x00000000e4000000,0x00000000e4000000,0x00000000e4500000)
  to   space 10240K, 0% used [0x00000000e8a00000,0x00000000e8a00000,0x00000000e9400000)
 ParOldGen       total 60416K, used 8158K [0x00000000a0000000, 0x00000000a3b00000, 0x00000000e0000000)
  object space 60416K, 13% used [0x00000000a0000000,0x00000000a07f7928,0x00000000a3b00000)
 Metaspace       used 26531K, capacity 26992K, committed 27136K, reserved 1073152K
  class space    used 3669K, capacity 3829K, committed 3840K, reserved 1048576K
Event: 2.819 GC heap after
Heap after GC invocations=7 (full 1):
 PSYoungGen      total 105984K, used 7091K [0x00000000e0000000, 0x00000000e9100000, 0x0000000100000000)
  eden space 98816K, 0% used [0x00000000e0000000,0x00000000e0000000,0x00000000e6080000)
  from space 7168K, 98% used [0x00000000e8a00000,0x00000000e90ecec0,0x00000000e9100000)
  to   space 9728K, 0% used [0x00000000e7e00000,0x00000000e7e00000,0x00000000e8780000)
 ParOldGen       total 60416K, used 8166K [0x00000000a0000000, 0x00000000a3b00000, 0x00000000e0000000)
  object space 60416K, 13% used [0x00000000a0000000,0x00000000a07f9928,0x00000000a3b00000)
 Metaspace       used 26531K, capacity 26992K, committed 27136K, reserved 1073152K
  class space    used 3669K, capacity 3829K, committed 3840K, reserved 1048576K
}
Event: 3.758 GC heap before
{Heap before GC invocations=8 (full 1):
 PSYoungGen      total 105984K, used 98036K [0x00000000e0000000, 0x00000000e9100000, 0x0000000100000000)
  eden space 98816K, 92% used [0x00000000e0000000,0x00000000e58d0190,0x00000000e6080000)
  from space 7168K, 98% used [0x00000000e8a00000,0x00000000e90ecec0,0x00000000e9100000)
  to   space 9728K, 0% used [0x00000000e7e00000,0x00000000e7e00000,0x00000000e8780000)
 ParOldGen       total 60416K, used 8166K [0x00000000a0000000, 0x00000000a3b00000, 0x00000000e0000000)
  object space 60416K, 13% used [0x00000000a0000000,0x00000000a07f9928,0x00000000a3b00000)
 Metaspace       used 34678K, capacity 35278K, committed 35416K, reserved 1079296K
  class space    used 4784K, capacity 4999K, committed 5120K, reserved 1048576K
Event: 3.768 GC heap after
Heap after GC invocations=8 (full 1):
 PSYoungGen      total 138752K, used 9717K [0x00000000e0000000, 0x00000000ea800000, 0x0000000100000000)
  eden space 129024K, 0% used [0x00000000e0000000,0x00000000e0000000,0x00000000e7e00000)
  from space 9728K, 99% used [0x00000000e7e00000,0x00000000e877d4a0,0x00000000e8780000)
  to   space 12800K, 0% used [0x00000000e9b80000,0x00000000e9b80000,0x00000000ea800000)
 ParOldGen       total 60416K, used 11261K [0x00000000a0000000, 0x00000000a3b00000, 0x00000000e0000000)
  object space 60416K, 18% used [0x00000000a0000000,0x00000000a0aff520,0x00000000a3b00000)
 Metaspace       used 34678K, capacity 35278K, committed 35416K, reserved 1079296K
  class space    used 4784K, capacity 4999K, committed 5120K, reserved 1048576K
}
Event: 3.768 GC heap before
{Heap before GC invocations=9 (full 2):
 PSYoungGen      total 138752K, used 9717K [0x00000000e0000000, 0x00000000ea800000, 0x0000000100000000)
  eden space 129024K, 0% used [0x00000000e0000000,0x00000000e0000000,0x00000000e7e00000)
  from space 9728K, 99% used [0x00000000e7e00000,0x00000000e877d4a0,0x00000000e8780000)
  to   space 12800K, 0% used [0x00000000e9b80000,0x00000000e9b80000,0x00000000ea800000)
 ParOldGen       total 60416K, used 11261K [0x00000000a0000000, 0x00000000a3b00000, 0x00000000e0000000)
  object space 60416K, 18% used [0x00000000a0000000,0x00000000a0aff520,0x00000000a3b00000)
 Metaspace       used 34678K, capacity 35278K, committed 35416K, reserved 1079296K
  class space    used 4784K, capacity 4999K, committed 5120K, reserved 1048576K
Event: 3.829 GC heap after
Heap after GC invocations=9 (full 2):
 PSYoungGen      total 138752K, used 0K [0x00000000e0000000, 0x00000000ea800000, 0x0000000100000000)
  eden space 129024K, 0% used [0x00000000e0000000,0x00000000e0000000,0x00000000e7e00000)
  from space 9728K, 0% used [0x00000000e7e00000,0x00000000e7e00000,0x00000000e8780000)
  to   space 12800K, 0% used [0x00000000e9b80000,0x00000000e9b80000,0x00000000ea800000)
 ParOldGen       total 101888K, used 19270K [0x00000000a0000000, 0x00000000a6380000, 0x00000000e0000000)
  object space 101888K, 18% used [0x00000000a0000000,0x00000000a12d1ab0,0x00000000a6380000)
 Metaspace       used 34678K, capacity 35278K, committed 35416K, reserved 1079296K
  class space    used 4784K, capacity 4999K, committed 5120K, reserved 1048576K
}
Event: 4.939 GC heap before
{Heap before GC invocations=10 (full 2):
 PSYoungGen      total 138752K, used 129024K [0x00000000e0000000, 0x00000000ea800000, 0x0000000100000000)
  eden space 129024K, 100% used [0x00000000e0000000,0x00000000e7e00000,0x00000000e7e00000)
  from space 9728K, 0% used [0x00000000e7e00000,0x00000000e7e00000,0x00000000e8780000)
  to   space 12800K, 0% used [0x00000000e9b80000,0x00000000e9b80000,0x00000000ea800000)
 ParOldGen       total 101888K, used 19270K [0x00000000a0000000, 0x00000000a6380000, 0x00000000e0000000)
  object space 101888K, 18% used [0x00000000a0000000,0x00000000a12d1ab0,0x00000000a6380000)
 Metaspace       used 42961K, capacity 43872K, committed 44160K, reserved 1087488K
  class space    used 5945K, capacity 6207K, committed 6272K, reserved 1048576K
Event: 4.950 GC heap after
Heap after GC invocations=10 (full 2):
 PSYoungGen      total 157184K, used 12769K [0x00000000e0000000, 0x00000000ec700000, 0x0000000100000000)
  eden space 144384K, 0% used [0x00000000e0000000,0x00000000e0000000,0x00000000e8d00000)
  from space 12800K, 99% used [0x00000000e9b80000,0x00000000ea7f85a0,0x00000000ea800000)
  to   space 14848K, 0% used [0x00000000e8d00000,0x00000000e8d00000,0x00000000e9b80000)
 ParOldGen       total 101888K, used 20423K [0x00000000a0000000, 0x00000000a6380000, 0x00000000e0000000)
  object space 101888K, 20% used [0x00000000a0000000,0x00000000a13f1fd8,0x00000000a6380000)
 Metaspace       used 42961K, capacity 43872K, committed 44160K, reserved 1087488K
  class space    used 5945K, capacity 6207K, committed 6272K, reserved 1048576K
}
Event: 7.140 GC heap before
{Heap before GC invocations=11 (full 2):
 PSYoungGen      total 157184K, used 157153K [0x00000000e0000000, 0x00000000ec700000, 0x0000000100000000)
  eden space 144384K, 100% used [0x00000000e0000000,0x00000000e8d00000,0x00000000e8d00000)
  from space 12800K, 99% used [0x00000000e9b80000,0x00000000ea7f85a0,0x00000000ea800000)
  to   space 14848K, 0% used [0x00000000e8d00000,0x00000000e8d00000,0x00000000e9b80000)
 ParOldGen       total 101888K, used 20423K [0x00000000a0000000, 0x00000000a6380000, 0x00000000e0000000)
  object space 101888K, 20% used [0x00000000a0000000,0x00000000a13f1fd8,0x00000000a6380000)
 Metaspace       used 53400K, capacity 54994K, committed 55040K, reserved 1097728K
  class space    used 7301K, capacity 7666K, committed 7680K, reserved 1048576K
Event: 7.160 GC heap after
Heap after GC invocations=11 (full 2):
 PSYoungGen      total 159232K, used 14845K [0x00000000e0000000, 0x00000000ec700000, 0x0000000100000000)
  eden space 144384K, 0% used [0x00000000e0000000,0x00000000e0000000,0x00000000e8d00000)
  from space 14848K, 99% used [0x00000000e8d00000,0x00000000e9b7f520,0x00000000e9b80000)
  to   space 12800K, 0% used [0x00000000e9b80000,0x00000000e9b80000,0x00000000ea800000)
 ParOldGen       total 101888K, used 26816K [0x00000000a0000000, 0x00000000a6380000, 0x00000000e0000000)
  object space 101888K, 26% used [0x00000000a0000000,0x00000000a1a30108,0x00000000a6380000)
 Metaspace       used 53400K, capacity 54994K, committed 55040K, reserved 1097728K
  class space    used 7301K, capacity 7666K, committed 7680K, reserved 1048576K
}

