# JRE version: OpenJDK Runtime Environment (8.0_152-b02) (build 1.8.0_152-release-1024-b02)
# Java VM: OpenJDK 64-Bit Server VM (25.152-b02 mixed mode windows-amd64 compressed oops)
Heap:
 PSYoungGen      total 218624K, used 89755K [0x00000000e0000000, 0x00000000f1d00000, 0x0000000100000000)
  eden space 180736K, 36% used [0x00000000e0000000,0x00000000e3ff8ef8,0x00000000eb080000)
  from space 37888K, 63% used [0x00000000eb080000,0x00000000ec82e060,0x00000000ed580000)
  to   space 37376K, 0% used [0x00000000ed580000,0x00000000ed580000,0x00000000efa00000)
 ParOldGen       total 161792K, used 67384K [0x00000000a0000000, 0x00000000a9e00000, 0x00000000e0000000)
  object space 161792K, 41% used [0x00000000a0000000,0x00000000a41ce380,0x00000000a9e00000)
 Metaspace       used 80580K, capacity 85842K, committed 85976K, reserved 1124352K
  class space    used 10683K, capacity 11706K, committed 11736K, reserved 1048576K
GC Heap History (10 events):
Event: 2074.651 GC heap before
{Heap before GC invocations=22 (full 3):
 PSYoungGen      total 183808K, used 183568K [0x00000000e0000000, 0x00000000ee000000, 0x0000000100000000)
  eden space 171008K, 100% used [0x00000000e0000000,0x00000000ea700000,0x00000000ea700000)
  from space 12800K, 98% used [0x00000000ed380000,0x00000000edfc4090,0x00000000ee000000)
  to   space 26624K, 0% used [0x00000000eac00000,0x00000000eac00000,0x00000000ec600000)
 ParOldGen       total 161792K, used 45672K [0x00000000a0000000, 0x00000000a9e00000, 0x00000000e0000000)
  object space 161792K, 28% used [0x00000000a0000000,0x00000000a2c9a1d8,0x00000000a9e00000)
 Metaspace       used 68507K, capacity 71026K, committed 71128K, reserved 1110016K
  class space    used 9057K, capacity 9678K, committed 9688K, reserved 1048576K
Event: 2074.671 GC heap after
Heap after GC invocations=22 (full 3):
 PSYoungGen      total 192512K, used 26595K [0x00000000e0000000, 0x00000000ede00000, 0x0000000100000000)
  eden space 165888K, 0% used [0x00000000e0000000,0x00000000e0000000,0x00000000ea200000)
  from space 26624K, 99% used [0x00000000eac00000,0x00000000ec5f8cc8,0x00000000ec600000)
  to   space 24576K, 0% used [0x00000000ec600000,0x00000000ec600000,0x00000000ede00000)
 ParOldGen       total 161792K, used 47077K [0x00000000a0000000, 0x00000000a9e00000, 0x00000000e0000000)
  object space 161792K, 29% used [0x00000000a0000000,0x00000000a2df95d8,0x00000000a9e00000)
 Metaspace       used 68507K, capacity 71026K, committed 71128K, reserved 1110016K
  class space    used 9057K, capacity 9678K, committed 9688K, reserved 1048576K
}
Event: 2081.196 GC heap before
{Heap before GC invocations=23 (full 3):
 PSYoungGen      total 192512K, used 192483K [0x00000000e0000000, 0x00000000ede00000, 0x0000000100000000)
  eden space 165888K, 100% used [0x00000000e0000000,0x00000000ea200000,0x00000000ea200000)
  from space 26624K, 99% used [0x00000000eac00000,0x00000000ec5f8cc8,0x00000000ec600000)
  to   space 24576K, 0% used [0x00000000ec600000,0x00000000ec600000,0x00000000ede00000)
 ParOldGen       total 161792K, used 47077K [0x00000000a0000000, 0x00000000a9e00000, 0x00000000e0000000)
  object space 161792K, 29% used [0x00000000a0000000,0x00000000a2df95d8,0x00000000a9e00000)
 Metaspace       used 70431K, capacity 72980K, committed 73304K, reserved 1112064K
  class space    used 9173K, capacity 9775K, committed 9816K, reserved 1048576K
Event: 2081.223 GC heap after
Heap after GC invocations=23 (full 3):
 PSYoungGen      total 185856K, used 24573K [0x00000000e0000000, 0x00000000ee480000, 0x0000000100000000)
  eden space 161280K, 0% used [0x00000000e0000000,0x00000000e0000000,0x00000000e9d80000)
  from space 24576K, 99% used [0x00000000ec600000,0x00000000eddff4d0,0x00000000ede00000)
  to   space 36352K, 0% used [0x00000000e9d80000,0x00000000e9d80000,0x00000000ec100000)
 ParOldGen       total 161792K, used 55437K [0x00000000a0000000, 0x00000000a9e00000, 0x00000000e0000000)
  object space 161792K, 34% used [0x00000000a0000000,0x00000000a36237b8,0x00000000a9e00000)
 Metaspace       used 70431K, capacity 72980K, committed 73304K, reserved 1112064K
  class space    used 9173K, capacity 9775K, committed 9816K, reserved 1048576K
}
Event: 2081.918 GC heap before
{Heap before GC invocations=24 (full 3):
 PSYoungGen      total 185856K, used 185090K [0x00000000e0000000, 0x00000000ee480000, 0x0000000100000000)
  eden space 161280K, 99% used [0x00000000e0000000,0x00000000e9cc1420,0x00000000e9d80000)
  from space 24576K, 99% used [0x00000000ec600000,0x00000000eddff4d0,0x00000000ede00000)
  to   space 36352K, 0% used [0x00000000e9d80000,0x00000000e9d80000,0x00000000ec100000)
 ParOldGen       total 161792K, used 55437K [0x00000000a0000000, 0x00000000a9e00000, 0x00000000e0000000)
  object space 161792K, 34% used [0x00000000a0000000,0x00000000a36237b8,0x00000000a9e00000)
 Metaspace       used 71596K, capacity 74324K, committed 74584K, reserved 1114112K
  class space    used 9327K, capacity 9983K, committed 10072K, reserved 1048576K
Event: 2081.933 GC heap after
Heap after GC invocations=24 (full 3):
 PSYoungGen      total 197632K, used 24456K [0x00000000e0000000, 0x00000000efa00000, 0x0000000100000000)
  eden space 161280K, 0% used [0x00000000e0000000,0x00000000e0000000,0x00000000e9d80000)
  from space 36352K, 67% used [0x00000000e9d80000,0x00000000eb5620e0,0x00000000ec100000)
  to   space 37376K, 0% used [0x00000000ed580000,0x00000000ed580000,0x00000000efa00000)
 ParOldGen       total 161792K, used 58022K [0x00000000a0000000, 0x00000000a9e00000, 0x00000000e0000000)
  object space 161792K, 35% used [0x00000000a0000000,0x00000000a38a9868,0x00000000a9e00000)
 Metaspace       used 71596K, capacity 74324K, committed 74584K, reserved 1114112K
  class space    used 9327K, capacity 9983K, committed 10072K, reserved 1048576K
}
Event: 2081.949 GC heap before
{Heap before GC invocations=25 (full 3):
 PSYoungGen      total 197632K, used 185424K [0x00000000e0000000, 0x00000000efa00000, 0x0000000100000000)
  eden space 161280K, 99% used [0x00000000e0000000,0x00000000e9d31fc8,0x00000000e9d80000)
  from space 36352K, 67% used [0x00000000e9d80000,0x00000000eb5620e0,0x00000000ec100000)
  to   space 37376K, 0% used [0x00000000ed580000,0x00000000ed580000,0x00000000efa00000)
 ParOldGen       total 161792K, used 58022K [0x00000000a0000000, 0x00000000a9e00000, 0x00000000e0000000)
  object space 161792K, 35% used [0x00000000a0000000,0x00000000a38a9868,0x00000000a9e00000)
 Metaspace       used 71606K, capacity 74324K, committed 74584K, reserved 1114112K
  class space    used 9327K, capacity 9983K, committed 10072K, reserved 1048576K
Event: 2081.964 GC heap after
Heap after GC invocations=25 (full 3):
 PSYoungGen      total 218112K, used 23067K [0x00000000e0000000, 0x00000000f1d00000, 0x0000000100000000)
  eden space 180736K, 0% used [0x00000000e0000000,0x00000000e0000000,0x00000000eb080000)
  from space 37376K, 61% used [0x00000000ed580000,0x00000000eec06f90,0x00000000efa00000)
  to   space 37888K, 0% used [0x00000000eb080000,0x00000000eb080000,0x00000000ed580000)
 ParOldGen       total 161792K, used 58030K [0x00000000a0000000, 0x00000000a9e00000, 0x00000000e0000000)
  object space 161792K, 35% used [0x00000000a0000000,0x00000000a38ab868,0x00000000a9e00000)
 Metaspace       used 71606K, capacity 74324K, committed 74584K, reserved 1114112K
  class space    used 9327K, capacity 9983K, committed 10072K, reserved 1048576K
}
Event: 2085.137 GC heap before
{Heap before GC invocations=26 (full 3):
 PSYoungGen      total 218112K, used 203803K [0x00000000e0000000, 0x00000000f1d00000, 0x0000000100000000)
  eden space 180736K, 100% used [0x00000000e0000000,0x00000000eb080000,0x00000000eb080000)
  from space 37376K, 61% used [0x00000000ed580000,0x00000000eec06f90,0x00000000efa00000)
  to   space 37888K, 0% used [0x00000000eb080000,0x00000000eb080000,0x00000000ed580000)
 ParOldGen       total 161792K, used 58030K [0x00000000a0000000, 0x00000000a9e00000, 0x00000000e0000000)
  object space 161792K, 35% used [0x00000000a0000000,0x00000000a38ab868,0x00000000a9e00000)
 Metaspace       used 78102K, capacity 81882K, committed 82136K, reserved 1120256K
  class space    used 10293K, capacity 11112K, committed 11224K, reserved 1048576K
Event: 2085.159 GC heap after
Heap after GC invocations=26 (full 3):
 PSYoungGen      total 218624K, used 24248K [0x00000000e0000000, 0x00000000f1d00000, 0x0000000100000000)
  eden space 180736K, 0% used [0x00000000e0000000,0x00000000e0000000,0x00000000eb080000)
  from space 37888K, 63% used [0x00000000eb080000,0x00000000ec82e060,0x00000000ed580000)
  to   space 37376K, 0% used [0x00000000ed580000,0x00000000ed580000,0x00000000efa00000)
 ParOldGen       total 161792K, used 67384K [0x00000000a0000000, 0x00000000a9e00000, 0x00000000e0000000)
  object space 161792K, 41% used [0x00000000a0000000,0x00000000a41ce380,0x00000000a9e00000)
 Metaspace       used 78102K, capacity 81882K, committed 82136K, reserved 1120256K
  class space    used 10293K, capacity 11112K, committed 11224K, reserved 1048576K
}

