# JRE version: OpenJDK Runtime Environment (8.0_152-b02) (build 1.8.0_152-release-1024-b02)
# Java VM: OpenJDK 64-Bit Server VM (25.152-b02 mixed mode windows-amd64 compressed oops)
Heap:
 PSYoungGen      total 126976K, used 99650K [0x00000000e0000000, 0x00000000e9a80000, 0x0000000100000000)
  eden space 113152K, 75% used [0x00000000e0000000,0x00000000e53d5528,0x00000000e6e80000)
  from space 13824K, 99% used [0x00000000e7f80000,0x00000000e8cfb510,0x00000000e8d00000)
  to   space 17408K, 0% used [0x00000000e6e80000,0x00000000e6e80000,0x00000000e7f80000)
 ParOldGen       total 93184K, used 24159K [0x00000000a0000000, 0x00000000a5b00000, 0x00000000e0000000)
  object space 93184K, 25% used [0x00000000a0000000,0x00000000a1797d20,0x00000000a5b00000)
 Metaspace       used 55122K, capacity 56798K, committed 56832K, reserved 1097728K
  class space    used 7499K, capacity 7914K, committed 7936K, reserved 1048576K
GC Heap History (10 events):
Event: 4.274 GC heap before
{Heap before GC invocations=10 (full 1):
 PSYoungGen      total 85504K, used 20648K [0x00000000e0000000, 0x00000000e6d00000, 0x0000000100000000)
  eden space 75776K, 14% used [0x00000000e0000000,0x00000000e0aaa8d8,0x00000000e4a00000)
  from space 9728K, 99% used [0x00000000e5500000,0x00000000e5e7f9a8,0x00000000e5e80000)
  to   space 11264K, 0% used [0x00000000e4a00000,0x00000000e4a00000,0x00000000e5500000)
 ParOldGen       total 60416K, used 8776K [0x00000000a0000000, 0x00000000a3b00000, 0x00000000e0000000)
  object space 60416K, 14% used [0x00000000a0000000,0x00000000a0892398,0x00000000a3b00000)
 Metaspace       used 34669K, capacity 35278K, committed 35416K, reserved 1079296K
  class space    used 4782K, capacity 4999K, committed 5120K, reserved 1048576K
Event: 4.278 GC heap after
Heap after GC invocations=10 (full 1):
 PSYoungGen      total 87040K, used 8333K [0x00000000e0000000, 0x00000000e7a80000, 0x0000000100000000)
  eden space 75776K, 0% used [0x00000000e0000000,0x00000000e0000000,0x00000000e4a00000)
  from space 11264K, 73% used [0x00000000e4a00000,0x00000000e52237c0,0x00000000e5500000)
  to   space 11264K, 0% used [0x00000000e6f80000,0x00000000e6f80000,0x00000000e7a80000)
 ParOldGen       total 60416K, used 8784K [0x00000000a0000000, 0x00000000a3b00000, 0x00000000e0000000)
  object space 60416K, 14% used [0x00000000a0000000,0x00000000a0894398,0x00000000a3b00000)
 Metaspace       used 34669K, capacity 35278K, committed 35416K, reserved 1079296K
  class space    used 4782K, capacity 4999K, committed 5120K, reserved 1048576K
}
Event: 4.278 GC heap before
{Heap before GC invocations=11 (full 2):
 PSYoungGen      total 87040K, used 8333K [0x00000000e0000000, 0x00000000e7a80000, 0x0000000100000000)
  eden space 75776K, 0% used [0x00000000e0000000,0x00000000e0000000,0x00000000e4a00000)
  from space 11264K, 73% used [0x00000000e4a00000,0x00000000e52237c0,0x00000000e5500000)
  to   space 11264K, 0% used [0x00000000e6f80000,0x00000000e6f80000,0x00000000e7a80000)
 ParOldGen       total 60416K, used 8784K [0x00000000a0000000, 0x00000000a3b00000, 0x00000000e0000000)
  object space 60416K, 14% used [0x00000000a0000000,0x00000000a0894398,0x00000000a3b00000)
 Metaspace       used 34669K, capacity 35278K, committed 35416K, reserved 1079296K
  class space    used 4782K, capacity 4999K, committed 5120K, reserved 1048576K
Event: 4.338 GC heap after
Heap after GC invocations=11 (full 2):
 PSYoungGen      total 87040K, used 0K [0x00000000e0000000, 0x00000000e7a80000, 0x0000000100000000)
  eden space 75776K, 0% used [0x00000000e0000000,0x00000000e0000000,0x00000000e4a00000)
  from space 11264K, 0% used [0x00000000e4a00000,0x00000000e4a00000,0x00000000e5500000)
  to   space 11264K, 0% used [0x00000000e6f80000,0x00000000e6f80000,0x00000000e7a80000)
 ParOldGen       total 93184K, used 14891K [0x00000000a0000000, 0x00000000a5b00000, 0x00000000e0000000)
  object space 93184K, 15% used [0x00000000a0000000,0x00000000a0e8ac38,0x00000000a5b00000)
 Metaspace       used 34669K, capacity 35278K, committed 35416K, reserved 1079296K
  class space    used 4782K, capacity 4999K, committed 5120K, reserved 1048576K
}
Event: 4.988 GC heap before
{Heap before GC invocations=12 (full 2):
 PSYoungGen      total 87040K, used 75776K [0x00000000e0000000, 0x00000000e7a80000, 0x0000000100000000)
  eden space 75776K, 100% used [0x00000000e0000000,0x00000000e4a00000,0x00000000e4a00000)
  from space 11264K, 0% used [0x00000000e4a00000,0x00000000e4a00000,0x00000000e5500000)
  to   space 11264K, 0% used [0x00000000e6f80000,0x00000000e6f80000,0x00000000e7a80000)
 ParOldGen       total 93184K, used 14891K [0x00000000a0000000, 0x00000000a5b00000, 0x00000000e0000000)
  object space 93184K, 15% used [0x00000000a0000000,0x00000000a0e8ac38,0x00000000a5b00000)
 Metaspace       used 38715K, capacity 39434K, committed 39552K, reserved 1083392K
  class space    used 5284K, capacity 5501K, committed 5504K, reserved 1048576K
Event: 4.995 GC heap after
Heap after GC invocations=12 (full 2):
 PSYoungGen      total 102400K, used 7450K [0x00000000e0000000, 0x00000000e7700000, 0x0000000100000000)
  eden space 94720K, 0% used [0x00000000e0000000,0x00000000e0000000,0x00000000e5c80000)
  from space 7680K, 97% used [0x00000000e6f80000,0x00000000e76c6bc0,0x00000000e7700000)
  to   space 11264K, 0% used [0x00000000e6100000,0x00000000e6100000,0x00000000e6c00000)
 ParOldGen       total 93184K, used 14899K [0x00000000a0000000, 0x00000000a5b00000, 0x00000000e0000000)
  object space 93184K, 15% used [0x00000000a0000000,0x00000000a0e8cc38,0x00000000a5b00000)
 Metaspace       used 38715K, capacity 39434K, committed 39552K, reserved 1083392K
  class space    used 5284K, capacity 5501K, committed 5504K, reserved 1048576K
}
Event: 6.183 GC heap before
{Heap before GC invocations=13 (full 2):
 PSYoungGen      total 102400K, used 102170K [0x00000000e0000000, 0x00000000e7700000, 0x0000000100000000)
  eden space 94720K, 100% used [0x00000000e0000000,0x00000000e5c80000,0x00000000e5c80000)
  from space 7680K, 97% used [0x00000000e6f80000,0x00000000e76c6bc0,0x00000000e7700000)
  to   space 11264K, 0% used [0x00000000e6100000,0x00000000e6100000,0x00000000e6c00000)
 ParOldGen       total 93184K, used 14899K [0x00000000a0000000, 0x00000000a5b00000, 0x00000000e0000000)
  object space 93184K, 15% used [0x00000000a0000000,0x00000000a0e8cc38,0x00000000a5b00000)
 Metaspace       used 48496K, capacity 49656K, committed 49792K, reserved 1091584K
  class space    used 6608K, capacity 6949K, committed 7040K, reserved 1048576K
Event: 6.195 GC heap after
Heap after GC invocations=13 (full 2):
 PSYoungGen      total 110592K, used 11246K [0x00000000e0000000, 0x00000000e8d00000, 0x0000000100000000)
  eden space 99328K, 0% used [0x00000000e0000000,0x00000000e0000000,0x00000000e6100000)
  from space 11264K, 99% used [0x00000000e6100000,0x00000000e6bfba18,0x00000000e6c00000)
  to   space 13824K, 0% used [0x00000000e7f80000,0x00000000e7f80000,0x00000000e8d00000)
 ParOldGen       total 93184K, used 19298K [0x00000000a0000000, 0x00000000a5b00000, 0x00000000e0000000)
  object space 93184K, 20% used [0x00000000a0000000,0x00000000a12d8b40,0x00000000a5b00000)
 Metaspace       used 48496K, capacity 49656K, committed 49792K, reserved 1091584K
  class space    used 6608K, capacity 6949K, committed 7040K, reserved 1048576K
}
Event: 7.449 GC heap before
{Heap before GC invocations=14 (full 2):
 PSYoungGen      total 110592K, used 110574K [0x00000000e0000000, 0x00000000e8d00000, 0x0000000100000000)
  eden space 99328K, 100% used [0x00000000e0000000,0x00000000e6100000,0x00000000e6100000)
  from space 11264K, 99% used [0x00000000e6100000,0x00000000e6bfba18,0x00000000e6c00000)
  to   space 13824K, 0% used [0x00000000e7f80000,0x00000000e7f80000,0x00000000e8d00000)
 ParOldGen       total 93184K, used 19298K [0x00000000a0000000, 0x00000000a5b00000, 0x00000000e0000000)
  object space 93184K, 20% used [0x00000000a0000000,0x00000000a12d8b40,0x00000000a5b00000)
 Metaspace       used 53340K, capacity 54980K, committed 55168K, reserved 1097728K
  class space    used 7302K, capacity 7703K, committed 7808K, reserved 1048576K
Event: 7.470 GC heap after
Heap after GC invocations=14 (full 2):
 PSYoungGen      total 126976K, used 13805K [0x00000000e0000000, 0x00000000e9a80000, 0x0000000100000000)
  eden space 113152K, 0% used [0x00000000e0000000,0x00000000e0000000,0x00000000e6e80000)
  from space 13824K, 99% used [0x00000000e7f80000,0x00000000e8cfb510,0x00000000e8d00000)
  to   space 17408K, 0% used [0x00000000e6e80000,0x00000000e6e80000,0x00000000e7f80000)
 ParOldGen       total 93184K, used 24159K [0x00000000a0000000, 0x00000000a5b00000, 0x00000000e0000000)
  object space 93184K, 25% used [0x00000000a0000000,0x00000000a1797d20,0x00000000a5b00000)
 Metaspace       used 53340K, capacity 54980K, committed 55168K, reserved 1097728K
  class space    used 7302K, capacity 7703K, committed 7808K, reserved 1048576K
}

